# JRE version: OpenJDK Runtime Environment (11.0.10) (build 11.0.10+0-b96-7249189)
# Java VM: OpenJDK 64-Bit Server VM (11.0.10+0-b96-7249189, mixed mode, tiered, compressed oops, g1 gc, windows-amd64)
Heap:
 garbage-first heap   total 344064K, used 218883K [0x00000000a0000000, 0x0000000100000000)
  region size 1024K, 7 young (7168K), 5 survivors (5120K)
 Metaspace       used 106477K, capacity 111394K, committed 111488K, reserved 1144832K
  class space    used 13902K, capacity 15440K, committed 15488K, reserved 1048576K
GC Heap History (20 events):
Event: 81.964 GC heap before
{Heap before GC invocations=99 (full 0):
 garbage-first heap   total 239616K, used 210075K [0x00000000a0000000, 0x0000000100000000)
  region size 1024K, 15 young (15360K), 1 survivors (1024K)
 Metaspace       used 100541K, capacity 105177K, committed 105344K, reserved 1140736K
  class space    used 13131K, capacity 14613K, committed 14720K, reserved 1048576K
}
Event: 81.970 GC heap after
{Heap after GC invocations=100 (full 0):
 garbage-first heap   total 239616K, used 196235K [0x00000000a0000000, 0x0000000100000000)
  region size 1024K, 2 young (2048K), 2 survivors (2048K)
 Metaspace       used 100541K, capacity 105177K, committed 105344K, reserved 1140736K
  class space    used 13131K, capacity 14613K, committed 14720K, reserved 1048576K
}
Event: 82.283 GC heap before
{Heap before GC invocations=101 (full 0):
 garbage-first heap   total 239616K, used 209547K [0x00000000a0000000, 0x0000000100000000)
  region size 1024K, 15 young (15360K), 2 survivors (2048K)
 Metaspace       used 101473K, capacity 106105K, committed 106368K, reserved 1140736K
  class space    used 13242K, capacity 14709K, committed 14720K, reserved 1048576K
}
Event: 82.289 GC heap after
{Heap after GC invocations=102 (full 0):
 garbage-first heap   total 239616K, used 197149K [0x00000000a0000000, 0x0000000100000000)
  region size 1024K, 2 young (2048K), 2 survivors (2048K)
 Metaspace       used 101473K, capacity 106105K, committed 106368K, reserved 1140736K
  class space    used 13242K, capacity 14709K, committed 14720K, reserved 1048576K
}
Event: 82.474 GC heap before
{Heap before GC invocations=102 (full 0):
 garbage-first heap   total 239616K, used 206365K [0x00000000a0000000, 0x0000000100000000)
  region size 1024K, 11 young (11264K), 2 survivors (2048K)
 Metaspace       used 102080K, capacity 106745K, committed 107008K, reserved 1140736K
  class space    used 13298K, capacity 14773K, committed 14848K, reserved 1048576K
}
Event: 82.484 GC heap after
{Heap after GC invocations=103 (full 0):
 garbage-first heap   total 239616K, used 196811K [0x00000000a0000000, 0x0000000100000000)
  region size 1024K, 2 young (2048K), 2 survivors (2048K)
 Metaspace       used 102080K, capacity 106745K, committed 107008K, reserved 1140736K
  class space    used 13298K, capacity 14773K, committed 14848K, reserved 1048576K
}
Event: 83.235 GC heap before
{Heap before GC invocations=103 (full 0):
 garbage-first heap   total 239616K, used 209099K [0x00000000a0000000, 0x0000000100000000)
  region size 1024K, 15 young (15360K), 2 survivors (2048K)
 Metaspace       used 102702K, capacity 107218K, committed 107264K, reserved 1142784K
  class space    used 13369K, capacity 14820K, committed 14848K, reserved 1048576K
}
Event: 83.248 GC heap after
{Heap after GC invocations=104 (full 0):
 garbage-first heap   total 239616K, used 198198K [0x00000000a0000000, 0x0000000100000000)
  region size 1024K, 2 young (2048K), 2 survivors (2048K)
 Metaspace       used 102702K, capacity 107218K, committed 107264K, reserved 1142784K
  class space    used 13369K, capacity 14820K, committed 14848K, reserved 1048576K
}
Event: 83.606 GC heap before
{Heap before GC invocations=104 (full 0):
 garbage-first heap   total 239616K, used 208438K [0x00000000a0000000, 0x0000000100000000)
  region size 1024K, 13 young (13312K), 2 survivors (2048K)
 Metaspace       used 102781K, capacity 107296K, committed 107520K, reserved 1142784K
  class space    used 13382K, capacity 14844K, committed 14848K, reserved 1048576K
}
Event: 83.613 GC heap after
{Heap after GC invocations=105 (full 0):
 garbage-first heap   total 239616K, used 199044K [0x00000000a0000000, 0x0000000100000000)
  region size 1024K, 1 young (1024K), 1 survivors (1024K)
 Metaspace       used 102781K, capacity 107296K, committed 107520K, reserved 1142784K
  class space    used 13382K, capacity 14844K, committed 14848K, reserved 1048576K
}
Event: 84.367 GC heap before
{Heap before GC invocations=106 (full 0):
 garbage-first heap   total 239616K, used 209284K [0x00000000a0000000, 0x0000000100000000)
  region size 1024K, 12 young (12288K), 1 survivors (1024K)
 Metaspace       used 102852K, capacity 107499K, committed 107520K, reserved 1142784K
  class space    used 13383K, capacity 14846K, committed 14848K, reserved 1048576K
}
Event: 84.373 GC heap after
{Heap after GC invocations=107 (full 0):
 garbage-first heap   total 239616K, used 200212K [0x00000000a0000000, 0x0000000100000000)
  region size 1024K, 2 young (2048K), 2 survivors (2048K)
 Metaspace       used 102852K, capacity 107499K, committed 107520K, reserved 1142784K
  class space    used 13383K, capacity 14846K, committed 14848K, reserved 1048576K
}
Event: 84.647 GC heap before
{Heap before GC invocations=107 (full 0):
 garbage-first heap   total 239616K, used 209428K [0x00000000a0000000, 0x0000000100000000)
  region size 1024K, 12 young (12288K), 2 survivors (2048K)
 Metaspace       used 102924K, capacity 107581K, committed 107904K, reserved 1142784K
  class space    used 13390K, capacity 14850K, committed 14976K, reserved 1048576K
}
Event: 84.657 GC heap after
{Heap after GC invocations=108 (full 0):
 garbage-first heap   total 239616K, used 201270K [0x00000000a0000000, 0x0000000100000000)
  region size 1024K, 2 young (2048K), 2 survivors (2048K)
 Metaspace       used 102924K, capacity 107581K, committed 107904K, reserved 1142784K
  class space    used 13390K, capacity 14850K, committed 14976K, reserved 1048576K
}
Event: 85.790 GC heap before
{Heap before GC invocations=109 (full 0):
 garbage-first heap   total 300032K, used 288310K [0x00000000a0000000, 0x0000000100000000)
  region size 1024K, 6 young (6144K), 2 survivors (2048K)
 Metaspace       used 103012K, capacity 107584K, committed 107904K, reserved 1142784K
  class space    used 13398K, capacity 14851K, committed 14976K, reserved 1048576K
}
Event: 85.797 GC heap after
{Heap after GC invocations=110 (full 0):
 garbage-first heap   total 300032K, used 235984K [0x00000000a0000000, 0x0000000100000000)
  region size 1024K, 2 young (2048K), 2 survivors (2048K)
 Metaspace       used 103012K, capacity 107584K, committed 107904K, reserved 1142784K
  class space    used 13398K, capacity 14851K, committed 14976K, reserved 1048576K
}
Event: 100.393 GC heap before
{Heap before GC invocations=111 (full 0):
 garbage-first heap   total 300032K, used 287184K [0x00000000a0000000, 0x0000000100000000)
  region size 1024K, 20 young (20480K), 2 survivors (2048K)
 Metaspace       used 105157K, capacity 109881K, committed 110080K, reserved 1144832K
  class space    used 13726K, capacity 15255K, committed 15360K, reserved 1048576K
}
Event: 100.403 GC heap after
{Heap after GC invocations=112 (full 0):
 garbage-first heap   total 300032K, used 203147K [0x00000000a0000000, 0x0000000100000000)
  region size 1024K, 3 young (3072K), 3 survivors (3072K)
 Metaspace       used 105157K, capacity 109881K, committed 110080K, reserved 1144832K
  class space    used 13726K, capacity 15255K, committed 15360K, reserved 1048576K
}
Event: 103.867 GC heap before
{Heap before GC invocations=112 (full 0):
 garbage-first heap   total 300032K, used 228747K [0x00000000a0000000, 0x0000000100000000)
  region size 1024K, 30 young (30720K), 3 survivors (3072K)
 Metaspace       used 106350K, capacity 111175K, committed 111232K, reserved 1144832K
  class space    used 13896K, capacity 15435K, committed 15488K, reserved 1048576K
}
Event: 103.883 GC heap after
{Heap after GC invocations=113 (full 0):
 garbage-first heap   total 300032K, used 205571K [0x00000000a0000000, 0x0000000100000000)
  region size 1024K, 5 young (5120K), 5 survivors (5120K)
 Metaspace       used 106350K, capacity 111175K, committed 111232K, reserved 1144832K
  class space    used 13896K, capacity 15435K, committed 15488K, reserved 1048576K
}

