# JRE version: OpenJDK Runtime Environment (11.0.10) (build 11.0.10+0-b96-7249189)
# Java VM: OpenJDK 64-Bit Server VM (11.0.10+0-b96-7249189, mixed mode, tiered, compressed oops, g1 gc, windows-amd64)
Heap:
 garbage-first heap   total 138240K, used 30534K [0x00000000a0000000, 0x0000000100000000)
  region size 1024K, 4 young (4096K), 4 survivors (4096K)
 Metaspace       used 44266K, capacity 45379K, committed 45648K, reserved 1089536K
  class space    used 5611K, capacity 5977K, committed 6016K, reserved 1048576K
GC Heap History (19 events):
Event: 1.097 GC heap before
{Heap before GC invocations=0 (full 0):
 garbage-first heap   total 114688K, used 16384K [0x00000000a0000000, 0x0000000100000000)
  region size 1024K, 14 young (14336K), 0 survivors (0K)
 Metaspace       used 6738K, capacity 6929K, committed 7168K, reserved 1056768K
  class space    used 582K, capacity 650K, committed 768K, reserved 1048576K
}
Event: 1.109 GC heap after
{Heap after GC invocations=1 (full 0):
 garbage-first heap   total 114688K, used 4374K [0x00000000a0000000, 0x0000000100000000)
  region size 1024K, 2 young (2048K), 2 survivors (2048K)
 Metaspace       used 6738K, capacity 6929K, committed 7168K, reserved 1056768K
  class space    used 582K, capacity 650K, committed 768K, reserved 1048576K
}
Event: 1.743 GC heap before
{Heap before GC invocations=1 (full 0):
 garbage-first heap   total 114688K, used 18710K [0x00000000a0000000, 0x0000000100000000)
  region size 1024K, 13 young (13312K), 2 survivors (2048K)
 Metaspace       used 9886K, capacity 10122K, committed 10368K, reserved 1058816K
  class space    used 1028K, capacity 1102K, committed 1152K, reserved 1048576K
}
Event: 1.752 GC heap after
{Heap after GC invocations=2 (full 0):
 garbage-first heap   total 114688K, used 9559K [0x00000000a0000000, 0x0000000100000000)
  region size 1024K, 2 young (2048K), 2 survivors (2048K)
 Metaspace       used 9886K, capacity 10122K, committed 10368K, reserved 1058816K
  class space    used 1028K, capacity 1102K, committed 1152K, reserved 1048576K
}
Event: 2.582 GC heap before
{Heap before GC invocations=2 (full 0):
 garbage-first heap   total 114688K, used 33111K [0x00000000a0000000, 0x0000000100000000)
  region size 1024K, 25 young (25600K), 2 survivors (2048K)
 Metaspace       used 10851K, capacity 11013K, committed 11264K, reserved 1058816K
  class space    used 1131K, capacity 1207K, committed 1280K, reserved 1048576K
}
Event: 2.588 GC heap after
{Heap after GC invocations=3 (full 0):
 garbage-first heap   total 114688K, used 10145K [0x00000000a0000000, 0x0000000100000000)
  region size 1024K, 3 young (3072K), 3 survivors (3072K)
 Metaspace       used 10851K, capacity 11013K, committed 11264K, reserved 1058816K
  class space    used 1131K, capacity 1207K, committed 1280K, reserved 1048576K
}
Event: 3.957 GC heap before
{Heap before GC invocations=3 (full 0):
 garbage-first heap   total 114688K, used 47009K [0x00000000a0000000, 0x0000000100000000)
  region size 1024K, 38 young (38912K), 3 survivors (3072K)
 Metaspace       used 14495K, capacity 14823K, committed 15104K, reserved 1062912K
  class space    used 1652K, capacity 1754K, committed 1792K, reserved 1048576K
}
Event: 3.979 GC heap after
{Heap after GC invocations=4 (full 0):
 garbage-first heap   total 114688K, used 15768K [0x00000000a0000000, 0x0000000100000000)
  region size 1024K, 5 young (5120K), 5 survivors (5120K)
 Metaspace       used 14495K, capacity 14823K, committed 15104K, reserved 1062912K
  class space    used 1652K, capacity 1754K, committed 1792K, reserved 1048576K
}
Event: 8.686 GC heap before
{Heap before GC invocations=4 (full 0):
 garbage-first heap   total 114688K, used 53656K [0x00000000a0000000, 0x0000000100000000)
  region size 1024K, 43 young (44032K), 5 survivors (5120K)
 Metaspace       used 20637K, capacity 21098K, committed 21296K, reserved 1069056K
  class space    used 2509K, capacity 2658K, committed 2688K, reserved 1048576K
}
Event: 8.697 GC heap after
{Heap after GC invocations=5 (full 0):
 garbage-first heap   total 114688K, used 17320K [0x00000000a0000000, 0x0000000100000000)
  region size 1024K, 2 young (2048K), 2 survivors (2048K)
 Metaspace       used 20637K, capacity 21098K, committed 21296K, reserved 1069056K
  class space    used 2509K, capacity 2658K, committed 2688K, reserved 1048576K
}
Event: 10.364 GC heap before
{Heap before GC invocations=6 (full 0):
 garbage-first heap   total 114688K, used 63400K [0x00000000a0000000, 0x0000000100000000)
  region size 1024K, 47 young (48128K), 2 survivors (2048K)
 Metaspace       used 25311K, capacity 25863K, committed 26112K, reserved 1071104K
  class space    used 3269K, capacity 3482K, committed 3584K, reserved 1048576K
}
Event: 10.375 GC heap after
{Heap after GC invocations=7 (full 0):
 garbage-first heap   total 114688K, used 18894K [0x00000000a0000000, 0x0000000100000000)
  region size 1024K, 4 young (4096K), 4 survivors (4096K)
 Metaspace       used 25311K, capacity 25863K, committed 26112K, reserved 1071104K
  class space    used 3269K, capacity 3482K, committed 3584K, reserved 1048576K
}
Event: 11.683 GC heap before
{Heap before GC invocations=7 (full 0):
 garbage-first heap   total 114688K, used 70094K [0x00000000a0000000, 0x0000000100000000)
  region size 1024K, 54 young (55296K), 4 survivors (4096K)
 Metaspace       used 30034K, capacity 30770K, committed 30976K, reserved 1075200K
  class space    used 3997K, capacity 4251K, committed 4352K, reserved 1048576K
}
Event: 11.693 GC heap after
{Heap after GC invocations=8 (full 0):
 garbage-first heap   total 114688K, used 20628K [0x00000000a0000000, 0x0000000100000000)
  region size 1024K, 6 young (6144K), 6 survivors (6144K)
 Metaspace       used 30034K, capacity 30770K, committed 30976K, reserved 1075200K
  class space    used 3997K, capacity 4251K, committed 4352K, reserved 1048576K
}
Event: 12.863 GC heap before
{Heap before GC invocations=8 (full 0):
 garbage-first heap   total 114688K, used 39060K [0x00000000a0000000, 0x0000000100000000)
  region size 1024K, 25 young (25600K), 6 survivors (6144K)
 Metaspace       used 35125K, capacity 35916K, committed 36048K, reserved 1081344K
  class space    used 4539K, capacity 4840K, committed 4864K, reserved 1048576K
}
Event: 12.878 GC heap after
{Heap after GC invocations=9 (full 0):
 garbage-first heap   total 114688K, used 23068K [0x00000000a0000000, 0x0000000100000000)
  region size 1024K, 6 young (6144K), 6 survivors (6144K)
 Metaspace       used 35125K, capacity 35916K, committed 36048K, reserved 1081344K
  class space    used 4539K, capacity 4840K, committed 4864K, reserved 1048576K
}
Event: 14.882 GC heap before
{Heap before GC invocations=10 (full 0):
 garbage-first heap   total 114688K, used 82460K [0x00000000a0000000, 0x0000000100000000)
  region size 1024K, 62 young (63488K), 6 survivors (6144K)
 Metaspace       used 39792K, capacity 40773K, committed 41040K, reserved 1085440K
  class space    used 5054K, capacity 5408K, committed 5504K, reserved 1048576K
}
Event: 14.901 GC heap after
{Heap after GC invocations=11 (full 0):
 garbage-first heap   total 114688K, used 27128K [0x00000000a0000000, 0x0000000100000000)
  region size 1024K, 8 young (8192K), 8 survivors (8192K)
 Metaspace       used 39792K, capacity 40773K, committed 41040K, reserved 1085440K
  class space    used 5054K, capacity 5408K, committed 5504K, reserved 1048576K
}
Event: 16.661 GC heap before
{Heap before GC invocations=11 (full 0):
 garbage-first heap   total 114688K, used 85496K [0x00000000a0000000, 0x0000000100000000)
  region size 1024K, 64 young (65536K), 8 survivors (8192K)
 Metaspace       used 44266K, capacity 45379K, committed 45648K, reserved 1089536K
  class space    used 5611K, capacity 5977K, committed 6016K, reserved 1048576K
}

